<?xml version="1.0" encoding="UTF-8"?>
<!-- Generated by org.testng.reporters.JUnitReportReporter -->
<testsuite hostname="zhendawanxiaodetianshouge.local" failures="0" tests="4" name="hust.cs.javacourse.search.index.TermTupleTest" time="0.004" errors="0" timestamp="29 4月 2021 12:10:14 GMT" skipped="0">
  <testcase classname="hust.cs.javacourse.search.index.TermTupleTest" name="testTestEquals" time="0.000"/>
  <testcase classname="hust.cs.javacourse.search.index.TermTupleTest" name="testTestEquals" time="0.000"/>
  <testcase classname="hust.cs.javacourse.search.index.TermTupleTest" name="testTestEquals" time="0.000"/>
  <testcase classname="hust.cs.javacourse.search.index.TermTupleTest" name="testTestToString" time="0.004"/>
</testsuite> <!-- hust.cs.javacourse.search.index.TermTupleTest -->
